control bit table
0
This is snp 0 : 0 0 1 
This is snp 1 : 0 1 1 
This is snp 2 : 0 1 1 
This is snp 3 : 0 1 1 
This is snp 4 : 0 1 0 
This is snp 5 : 0 1 0 
This is snp 6 : 0 1 1 
This is snp 7 : 1 0 0 
This is snp 8 : 0 0 1 

1
This is snp 0 : 0 1 0 
This is snp 1 : 1 0 0 
This is snp 2 : 1 0 0 
This is snp 3 : 0 0 0 
This is snp 4 : 1 0 1 
This is snp 5 : 0 0 1 
This is snp 6 : 1 0 0 
This is snp 7 : 0 0 1 
This is snp 8 : 0 0 0 

2
This is snp 0 : 1 0 0 
This is snp 1 : 0 0 0 
This is snp 2 : 0 0 0 
This is snp 3 : 1 0 0 
This is snp 4 : 0 0 0 
This is snp 5 : 1 0 0 
This is snp 6 : 0 0 0 
This is snp 7 : 0 1 0 
This is snp 8 : 1 1 0 

