first stage: read in data

this is control data: 
first sample: 2 1 1 2 1 2 1 0 2 
first sample: 0 0 0 0 0 0 0 2 2 
first sample: 0 0 0 0 0 1 0 1 0 

this is case data: 
first sample: 1 0 0 0 2 2 2 0 1 
first sample: 0 2 0 2 0 0 0 0 1 
first sample: 0 2 0 2 2 0 2 1 0 
-----------------------------------------------

second stage: generate the number of combinations of snps

0 1
0 3
0 5
0 7
1 3
1 5
1 7
2 4
2 6
3 4
3 6
4 5
4 7
5 7

there are 14 of 2nd order combinations in total.
-----------------------------------------------------
This is the third stage: building bit table

This is the control bit table: 
snp: 0; genotype: 0 : 0000000000000000000000000000000000000000000000000000000000000110 
snp: 0; genotype: 1 : 0000000000000000000000000000000000000000000000000000000000000000 
snp: 0; genotype: 2 : 0000000000000000000000000000000000000000000000000000000000000001 
snp: 1; genotype: 0 : 0000000000000000000000000000000000000000000000000000000000000110 
snp: 1; genotype: 1 : 0000000000000000000000000000000000000000000000000000000000000001 
snp: 1; genotype: 2 : 0000000000000000000000000000000000000000000000000000000000000000 
snp: 2; genotype: 0 : 0000000000000000000000000000000000000000000000000000000000000110 
snp: 2; genotype: 1 : 0000000000000000000000000000000000000000000000000000000000000001 
snp: 2; genotype: 2 : 0000000000000000000000000000000000000000000000000000000000000000 
snp: 3; genotype: 0 : 0000000000000000000000000000000000000000000000000000000000000110 
snp: 3; genotype: 1 : 0000000000000000000000000000000000000000000000000000000000000000 
snp: 3; genotype: 2 : 0000000000000000000000000000000000000000000000000000000000000001 
snp: 4; genotype: 0 : 0000000000000000000000000000000000000000000000000000000000000110 
snp: 4; genotype: 1 : 0000000000000000000000000000000000000000000000000000000000000001 
snp: 4; genotype: 2 : 0000000000000000000000000000000000000000000000000000000000000000 
snp: 5; genotype: 0 : 0000000000000000000000000000000000000000000000000000000000000010 
snp: 5; genotype: 1 : 0000000000000000000000000000000000000000000000000000000000000100 
snp: 5; genotype: 2 : 0000000000000000000000000000000000000000000000000000000000000001 
snp: 6; genotype: 0 : 0000000000000000000000000000000000000000000000000000000000000110 
first stage: read in data

this is control data: 
first sample: 2 1 1 2 1 2 1 0 2 
first sample: 0 0 0 0 0 0 0 2 2 
first sample: 0 0 0 0 0 1 0 1 0 

this is case data: 
first sample: 1 0 0 0 2 2 2 0 1 
first sample: 0 2 0 2 0 0 0 0 1 
first sample: 0 2 0 2 2 0 2 1 0 
-----------------------------------------------

second stage: generate the number of combinations of snps

0 2
0 4
0 6
1 2
1 4
1 6
2 3
2 5
2 7
3 5
3 7
4 6
5 6
6 7
snp: 6; genotype: 1 : 0000000000000000000000000000000000000000000000000000000000000001 
snp: 6; genotype: 2 : 0000000000000000000000000000000000000000000000000000000000000000 
snp: 7; genotype: 0 : 0000000000000000000000000000000000000000000000000000000000000001 
snp: 7; genotype: 1 : 0000000000000000000000000000000000000000000000000000000000000100 
snp: 7; genotype: 2 : 0000000000000000000000000000000000000000000000000000000000000010 
snp: 8; genotype: 0 : 0000000000000000000000000000000000000000000000000000000000000100 
snp: 8; genotype: 1 : 0000000000000000000000000000000000000000000000000000000000000000 
snp: 8; genotype: 2 : 0000000000000000000000000000000000000000000000000000000000000011 

This is the case bit table: 
snp: 0; genotype: 0 : 0000000000000000000000000000000000000000000000000000000000000110 
snp: 0; genotype: 1 : 0000000000000000000000000000000000000000000000000000000000000001 
snp: 0; genotype: 2 : 0000000000000000000000000000000000000000000000000000000000000000 

there are 14 of 2nd order combinations in total.
-----------------------------------------------------
This is the third stage: building bit table

This is the control bit table: 
snp: 0; genotype: 0 : 0000000000000000000000000000000000000000000000000000000000000110 
snp: 0; genotype: 1 : 0000000000000000000000000000000000000000000000000000000000000000 
snp: 0; genotype: 2 : 0000000000000000000000000000000000000000000000000000000000000001 
snp: 1; genotype: 0 : 0000000000000000000000000000000000000000000000000000000000000110 
snp: 1; genotype: 1 : 0000000000000000000000000000000000000000000000000000000000000001 
snp: 1; genotype: 2 : 0000000000000000000000000000000000000000000000000000000000000000 
snp: 2; genotype: 0 : 0000000000000000000000000000000000000000000000000000000000000110 
snp: 2; genotype: 1 : 0000000000000000000000000000000000000000000000000000000000000001 
snp: 2; genotype: 2 : 0000000000000000000000000000000000000000000000000000000000000000 
snp: 1; genotype: 0 : 0000000000000000000000000000000000000000000000000000000000000001 
snp: 1; genotype: 1 : 0000000000000000000000000000000000000000000000000000000000000000 
snp: 1; genotype: 2 : 0000000000000000000000000000000000000000000000000000000000000110 
snp: 2; genotype: 0 : 0000000000000000000000000000000000000000000000000000000000000111 
snp: 2; genotype: 1 : 0000000000000000000000000000000000000000000000000000000000000000 
snp: 2; genotype: 2 : 0000000000000000000000000000000000000000000000000000000000000000 
snp: 3; genotype: 0 : 0000000000000000000000000000000000000000000000000000000000000001 
snp: 3; genotype: 1 : 0000000000000000000000000000000000000000000000000000000000000000 
snp: 3; genotype: 2 : 0000000000000000000000000000000000000000000000000000000000000110 
snp: 4; genotype: 0 : 0000000000000000000000000000000000000000000000000000000000000010 
snp: 4; genotype: 1 : 0000000000000000000000000000000000000000000000000000000000000000 
snp: 3; genotype: 0 : 0000000000000000000000000000000000000000000000000000000000000110 
snp: 3; genotype: 1 : 0000000000000000000000000000000000000000000000000000000000000000 
snp: 3; genotype: 2 : 0000000000000000000000000000000000000000000000000000000000000001 
snp: 4; genotype: 0 : 0000000000000000000000000000000000000000000000000000000000000110 
snp: 4; genotype: 1 : 0000000000000000000000000000000000000000000000000000000000000001 
snp: 4; genotype: 2 : 0000000000000000000000000000000000000000000000000000000000000000 
snp: 5; genotype: 0 : 0000000000000000000000000000000000000000000000000000000000000010 
snp: 5; genotype: 1 : 0000000000000000000000000000000000000000000000000000000000000100 
snp: 5; genotype: 2 : 0000000000000000000000000000000000000000000000000000000000000001 
snp: 6; genotype: 0 : 0000000000000000000000000000000000000000000000000000000000000110 
snp: 6; genotype: 1 : 0000000000000000000000000000000000000000000000000000000000000001 
snp: 4; genotype: 2 : 0000000000000000000000000000000000000000000000000000000000000101 
snp: 5; genotype: 0 : 0000000000000000000000000000000000000000000000000000000000000110 
snp: 5; genotype: 1 : 0000000000000000000000000000000000000000000000000000000000000000 
snp: 5; genotype: 2 : 0000000000000000000000000000000000000000000000000000000000000001 
snp: 6; genotype: 0 : 0000000000000000000000000000000000000000000000000000000000000010 
snp: 6; genotype: 1 : 0000000000000000000000000000000000000000000000000000000000000000 
snp: 6; genotype: 2 : 0000000000000000000000000000000000000000000000000000000000000101 
snp: 7; genotype: 0 : 0000000000000000000000000000000000000000000000000000000000000011 
snp: 7; genotype: 1 : 0000000000000000000000000000000000000000000000000000000000000100 
snp: 7; genotype: 2 : 0000000000000000000000000000000000000000000000000000000000000000 
snp: 8; genotype: 0 : 0000000000000000000000000000000000000000000000000000000000000100 
snp: 6; genotype: 2 : 0000000000000000000000000000000000000000000000000000000000000000 
snp: 8; genotype: 1 : 0000000000000000000000000000000000000000000000000000000000000011 
snp: 8; genotype: 2 : 0000000000000000000000000000000000000000000000000000000000000000 
-------------------------------------------------------

snp: 7; genotype: 0 : 0000000000000000000000000000000000000000000000000000000000000001 
snp: 7; genotype: 1 : 0000000000000000000000000000000000000000000000000000000000000100 
snp: 7; genotype: 2 : 0000000000000000000000000000000000000000000000000000000000000010 
snp: 8; genotype: 0 : 0000000000000000000000000000000000000000000000000000000000000100 
snp: 8; genotype: 1 : 0000000000000000000000000000000000000000000000000000000000000000 
snp: 8; genotype: 2 : 0000000000000000000000000000000000000000000000000000000000000011 

This is the case bit table: 
snp: 0; genotype: 0 : 0000000000000000000000000000000000000000000000000000000000000110 
snp: 0; genotype: 1 : 0000000000000000000000000000000000000000000000000000000000000001 
snp: 0; genotype: 2 : 0000000000000000000000000000000000000000000000000000000000000000 
snp: 1; genotype: 0 : 0000000000000000000000000000000000000000000000000000000000000001 
snp: 1; genotype: 1 : 0000000000000000000000000000000000000000000000000000000000000000 
This is the fourth stage: building contingency table

This is the control contingency table: 
snp0: 0; snp1: 1; snp2: 2
genotype: 0 0 0 : 2
genotype: 2 1 1 : 1

snp0: 0; snp1: 1; snp2: 3
genotype: 0 0 0 : 2
genotype: 2 1 2 : 1
snp: 1; genotype: 2 : 0000000000000000000000000000000000000000000000000000000000000110 
snp: 2; genotype: 0 : 0000000000000000000000000000000000000000000000000000000000000111 
snp: 2; genotype: 1 : 0000000000000000000000000000000000000000000000000000000000000000 
snp: 2; genotype: 2 : 0000000000000000000000000000000000000000000000000000000000000000 
snp: 3; genotype: 0 : 0000000000000000000000000000000000000000000000000000000000000001 
snp: 3; genotype: 1 : 0000000000000000000000000000000000000000000000000000000000000000 
snp: 3; genotype: 2 : 0000000000000000000000000000000000000000000000000000000000000110 
snp: 4; genotype: 0 : 0000000000000000000000000000000000000000000000000000000000000010 
snp: 4; genotype: 1 : 0000000000000000000000000000000000000000000000000000000000000000 
snp: 4; genotype: 2 : 0000000000000000000000000000000000000000000000000000000000000101 
snp: 5; genotype: 0 : 0000000000000000000000000000000000000000000000000000000000000110 

snp0: 0; snp1: 1; snp2: 4
genotype: 0 0 0 : 2
genotype: 2 1 1 : 1

snp0: 0; snp1: 1; snp2: 5
genotype: 0 0 0 : 1
genotype: 0 0 1 : 1
genotype: 2 1 2 : 1
snp: 5; genotype: 1 : 0000000000000000000000000000000000000000000000000000000000000000 
snp: 5; genotype: 2 : 0000000000000000000000000000000000000000000000000000000000000001 
snp: 6; genotype: 0 : 0000000000000000000000000000000000000000000000000000000000000010 
snp: 6; genotype: 1 : 0000000000000000000000000000000000000000000000000000000000000000 
snp: 6; genotype: 2 : 0000000000000000000000000000000000000000000000000000000000000101 
snp: 7; genotype: 0 : 0000000000000000000000000000000000000000000000000000000000000011 
snp: 7; genotype: 1 : 0000000000000000000000000000000000000000000000000000000000000100 
snp: 7; genotype: 2 : 0000000000000000000000000000000000000000000000000000000000000000 
snp: 8; genotype: 0 : 0000000000000000000000000000000000000000000000000000000000000100 
snp: 8; genotype: 1 : 0000000000000000000000000000000000000000000000000000000000000011 
snp: 8; genotype: 2 : 0000000000000000000000000000000000000000000000000000000000000000 

snp0: 0; snp1: 1; snp2: 6
genotype: 0 0 0 : 2
genotype: 2 1 1 : 1

snp0: 0; snp1: 1; snp2: 7
genotype: 0 0 1 : 1
genotype: 0 0 2 : 1
genotype: 2 1 0 : 1

snp0: 0; snp1: 1; snp2: 8
genotype: 0 0 0 : 1
genotype: 0 0 2 : 1
genotype: 2 1 2 : 1

snp0: 0; snp1: 3; snp2: 4
genotype: 0 0 0 : 2
genotype: 2 2 1 : 1

snp0: 0; snp1: 3; snp2: 5
genotype: 0 0 0 : 1
genotype: 0 0 1 : 1
-------------------------------------------------------

genotype: 2 2 2 : 1

snp0: 0; snp1: 3; snp2: 6
genotype: 0 0 0 : 2
genotype: 2 2 1 : 1

snp0: 0; snp1: 3; snp2: 7
genotype: 0 0 1 : 1
genotype: 0 0 2 : 1
genotype: 2 2 0 : 1

snp0: 0; snp1: 3; snp2: 8
genotype: 0 0 0 : 1
genotype: 0 0 2 : 1
genotype: 2 2 2 : 1

snp0: 0; snp1: 5; snp2: 6
genotype: 0 0 0 : 1
genotype: 0 1 0 : 1
genotype: 2 2 1 : 1
This is the fourth stage: building contingency table

This is the control contingency table: 
snp0: 0; snp1: 2; snp2: 3
genotype: 0 0 0 : 2
genotype: 2 1 2 : 1

snp0: 0; snp1: 2; snp2: 4
genotype: 0 0 0 : 2
genotype: 2 1 1 : 1

snp0: 0; snp1: 5; snp2: 7
genotype: 0 0 2 : 1
genotype: 0 1 1 : 1
genotype: 2 2 0 : 1

snp0: 0; snp1: 5; snp2: 8
genotype: 0 0 2 : 1
genotype: 0 1 0 : 1
genotype: 2 2 2 : 1

snp0: 0; snp1: 7; snp2: 8
genotype: 0 1 0 : 1
genotype: 0 2 2 : 1
genotype: 2 0 2 : 1

snp0: 1; snp1: 3; snp2: 4
genotype: 0 0 0 : 2
genotype: 1 2 1 : 1

snp0: 1; snp1: 3; snp2: 5

snp0: 0; snp1: 2; snp2: 5
genotype: 0 0 0 : 1
genotype: 0 0 1 : 1
genotype: 2 1 2 : 1

snp0: 0; snp1: 2; snp2: 6
genotype: 0 0 0 : 2
genotype: 0 0 0 : 1
genotype: 0 0 1 : 1
genotype: 1 2 2 : 1

snp0: 1; snp1: 3; snp2: 6
genotype: 0 0 0 : 2
genotype: 1 2 1 : 1

snp0: 1; snp1: 3; snp2: 7
genotype: 0 0 1 : 1
genotype: 0 0 2 : 1
genotype: 1 2 0 : 1

snp0: 1; snp1: 3; snp2: 8
genotype: 0 0 0 : 1
genotype: 0 0 2 : 1
genotype: 1 2 2 : 1

snp0: 1; snp1: 5; snp2: 6
genotype: 0 0 0 : 1
genotype: 0 1 0 : 1
genotype: 2 1 1 : 1

snp0: 0; snp1: 2; snp2: 7
genotype: 0 0 1 : 1
genotype: 0 0 2 : 1
genotype: 2 1 0 : 1

snp0: 0; snp1: 2; snp2: 8
genotype: 0 0 0 : 1
genotype: 0 0 2 : 1
genotype: 2 1 2 : 1

snp0: 0; snp1: 4; snp2: 5
genotype: 1 2 1 : 1

snp0: 1; snp1: 5; snp2: 7
genotype: 0 0 2 : 1
genotype: 0 1 1 : 1
genotype: 1 2 0 : 1

snp0: 1; snp1: 5; snp2: 8
genotype: 0 0 2 : 1
genotype: 0 1 0 : 1
genotype: 1 2 2 : 1

snp0: 1; snp1: 7; snp2: 8
genotype: 0 1 0 : 1
genotype: 0 2 2 : 1
genotype: 1 0 2 : 1

snp0: 2; snp1: 4; snp2: 5
genotype: 0 0 0 : 1
genotype: 0 0 1 : 1
genotype: 0 0 0 : 1
genotype: 0 0 1 : 1
genotype: 2 1 2 : 1

snp0: 0; snp1: 4; snp2: 6
genotype: 0 0 0 : 2
genotype: 2 1 1 : 1

genotype: 1 1 2 : 1

snp0: 2; snp1: 4; snp2: 6
genotype: 0 0 0 : 2
genotype: 1 1 1 : 1

snp0: 2; snp1: 4; snp2: 7
genotype: 0 0 1 : 1
genotype: 0 0 2 : 1
genotype: 1 1 0 : 1

snp0: 2; snp1: 4; snp2: 8
genotype: 0 0 0 : 1
genotype: 0 0 2 : 1
genotype: 1 1 2 : 1

snp0: 2; snp1: 6; snp2: 7
genotype: 0 0 1 : 1
genotype: 0 0 2 : 1
snp0: 0; snp1: 4; snp2: 7
genotype: 0 0 1 : 1
genotype: 0 0 2 : 1
genotype: 2 1 0 : 1

snp0: 0; snp1: 4; snp2: 8
genotype: 0 0 0 : 1
genotype: 0 0 2 : 1
genotype: 1 1 0 : 1

snp0: 2; snp1: 6; snp2: 8
genotype: 0 0 0 : 1
genotype: 0 0 2 : 1
genotype: 1 1 2 : 1

snp0: 3; snp1: 4; snp2: 5
genotype: 0 0 0 : 1
genotype: 0 0 1 : 1
genotype: 2 1 2 : 1

snp0: 3; snp1: 4; snp2: 6
genotype: 0 0 0 : 2
genotype: 2 1 1 : 1

snp0: 3; snp1: 4; snp2: 7
genotype: 0 0 1 : 1
genotype: 0 0 2 : 1
genotype: 2 1 0 : 1

snp0: 3; snp1: 4; snp2: 8
genotype: 0 0 0 : 1
genotype: 2 1 2 : 1

snp0: 0; snp1: 6; snp2: 7
genotype: 0 0 1 : 1
genotype: 0 0 2 : 1
genotype: 2 1 0 : 1

genotype: 0 0 2 : 1
genotype: 2 1 2 : 1

snp0: 3; snp1: 6; snp2: 7
genotype: 0 0 1 : 1
genotype: 0 0 2 : 1
genotype: 2 1 0 : 1

snp0: 3; snp1: 6; snp2: 8
genotype: 0 0 0 : 1
genotype: 0 0 2 : 1
genotype: 2 1 2 : 1

snp0: 4; snp1: 5; snp2: 6
genotype: 0 0 0 : 1
genotype: 0 1 0 : 1
genotype: 1 2 1 : 1

snp0: 4; snp1: 5; snp2: 7
genotype: 0 0 2 : 1
snp0: 0; snp1: 6; snp2: 8
genotype: 0 0 0 : 1
genotype: 0 0 2 : 1
genotype: 2 1 2 : 1

snp0: 1; snp1: 2; snp2: 3
genotype: 0 1 1 : 1
genotype: 1 2 0 : 1

snp0: 4; snp1: 5; snp2: 8
genotype: 0 0 2 : 1
genotype: 0 1 0 : 1
genotype: 1 2 2 : 1

snp0: 4; snp1: 7; snp2: 8
genotype: 0 1 0 : 1
genotype: 0 2 2 : 1
genotype: 1 0 2 : 1

snp0: 5; snp1: 7; snp2: 8
genotype: 0 2 2 : 1
genotype: 1 1 0 : 1
genotype: 2 0 2 : 1


This is the case contingency table: 
genotype: 0 0 0 : 2
genotype: 1 1 2 : 1

snp0: 1; snp1: 2; snp2: 4
genotype: 0 0 0 : 2
genotype: 1 1 1 : 1

snp0: 1; snp1: 2; snp2: 5
snp0: 0; snp1: 1; snp2: 2
genotype: 0 2 0 : 2
genotype: 1 0 0 : 1

snp0: 0; snp1: 1; snp2: 3
genotype: 0 2 2 : 2
genotype: 1 0 0 : 1

snp0: 0; snp1: 1; snp2: 4
genotype: 0 2 0 : 1
genotype: 0 2 2 : 1
genotype: 1 0 2 : 1

snp0: 0; snp1: 1; snp2: 5
genotype: 0 0 0 : 1
genotype: 0 0 1 : 1
genotype: 1 1 2 : 1

snp0: 1; snp1: 2; snp2: 6
genotype: 0 2 0 : 2
genotype: 1 0 2 : 1

snp0: 0; snp1: 1; snp2: 6
genotype: 0 2 0 : 1
genotype: 0 2 2 : 1
genotype: 1 0 2 : 1

snp0: 0; snp1: 1; snp2: 7
genotype: 0 0 0 : 2
genotype: 1 1 1 : 1

snp0: 1; snp1: 2; snp2: 7
genotype: 0 0 1 : 1
genotype: 0 0 2 : 1
genotype: 0 2 0 : 1
genotype: 0 2 1 : 1
genotype: 1 0 0 : 1

snp0: 0; snp1: 1; snp2: 8
genotype: 0 2 0 : 1
genotype: 1 1 0 : 1

snp0: 1; snp1: 2; snp2: 8
genotype: 0 0 0 : 1
genotype: 0 0 2 : 1
genotype: 0 2 1 : 1
genotype: 1 0 1 : 1

snp0: 0; snp1: 3; snp2: 4
genotype: 0 2 0 : 2
genotype: 1 0 0 : 1
genotype: 1 1 2 : 1

snp0: 1; snp1: 4; snp2: 5
genotype: 0 0 0 : 1
genotype: 0 0 1 : 1
genotype: 1 1 2 : 1

snp0: 1; snp1: 4; snp2: 6

snp0: 0; snp1: 3; snp2: 5
genotype: 0 2 2 : 2
genotype: 1 0 0 : 1

snp0: 0; snp1: 3; snp2: 6
genotype: 0 2 0 : 1
genotype: 0 2 2 : 1
genotype: 0 0 0 : 2
genotype: 1 1 1 : 1

snp0: 1; snp1: 4; snp2: 7
genotype: 0 0 1 : 1
genotype: 0 0 2 : 1
genotype: 1 0 2 : 1

snp0: 0; snp1: 3; snp2: 7
genotype: 0 2 0 : 2
genotype: 1 0 2 : 1

genotype: 1 1 0 : 1

snp0: 1; snp1: 4; snp2: 8
genotype: 0 0 0 : 1
genotype: 0 0 2 : 1
genotype: 1 1 2 : 1
snp0: 0; snp1: 3; snp2: 8
genotype: 0 2 0 : 1
genotype: 0 2 2 : 1
genotype: 1 0 2 : 1

snp0: 0; snp1: 5; snp2: 6

snp0: 1; snp1: 6; snp2: 7
genotype: 0 0 1 : 1
genotype: 0 0 2 : 1
genotype: 1 1 0 : 1

snp0: 1; snp1: 6; snp2: 8
genotype: 0 2 0 : 1
genotype: 0 2 1 : 1
genotype: 1 0 0 : 1

snp0: 0; snp1: 5; snp2: 7
genotype: 0 2 0 : 1
genotype: 0 2 1 : 1
genotype: 0 0 0 : 1
genotype: 0 0 2 : 1
genotype: 1 1 2 : 1

snp0: 2; snp1: 3; snp2: 4
genotype: 0 0 0 : 2
genotype: 1 0 1 : 1

snp0: 0; snp1: 5; snp2: 8
genotype: 0 2 0 : 2
genotype: 1 0 0 : 1

snp0: 0; snp1: 7; snp2: 8
genotype: 0 2 2 : 2
genotype: 1 2 1 : 1

snp0: 2; snp1: 3; snp2: 5
genotype: 0 0 0 : 1
genotype: 0 0 1 : 1
genotype: 1 2 2 : 1
genotype: 1 0 0 : 1

snp0: 1; snp1: 3; snp2: 4
genotype: 0 2 0 : 1
genotype: 0 2 2 : 1
genotype: 1 0 2 : 1


snp0: 2; snp1: 3; snp2: 6
genotype: 0 0 0 : 2
genotype: 1 2 1 : 1

snp0: 2; snp1: 3; snp2: 7
snp0: 1; snp1: 3; snp2: 5
genotype: 0 2 0 : 2
genotype: 1 0 2 : 1

snp0: 1; snp1: 3; snp2: 6
genotype: 0 2 0 : 1
genotype: 0 0 1 : 1
genotype: 0 0 2 : 1
genotype: 1 2 0 : 1

snp0: 2; snp1: 3; snp2: 8
genotype: 0 0 0 : 1
genotype: 0 0 2 : 1
genotype: 0 2 2 : 1
genotype: 1 0 2 : 1

snp0: 1; snp1: 3; snp2: 7
genotype: 0 2 0 : 1
genotype: 0 2 1 : 1
genotype: 1 0 0 : 1

snp0: 1; snp1: 3; snp2: 8
genotype: 1 2 2 : 1

snp0: 2; snp1: 5; snp2: 6
genotype: 0 0 0 : 1
genotype: 0 1 0 : 1
genotype: 1 2 1 : 1

snp0: 2; snp1: 5; snp2: 7
genotype: 0 0 2 : 1
genotype: 0 1 1 : 1
genotype: 1 2 0 : 1

snp0: 2; snp1: 5; snp2: 8
genotype: 0 0 2 : 1
genotype: 0 1 0 : 1
genotype: 1 2 2 : 1

genotype: 0 2 0 : 1
genotype: 0 2 1 : 1
genotype: 1 0 1 : 1

snp0: 1; snp1: 5; snp2: 6
genotype: 0 2 0 : 2
genotype: 1 0 0 : 1
snp0: 2; snp1: 7; snp2: 8
genotype: 0 1 0 : 1
genotype: 0 2 2 : 1
genotype: 1 0 2 : 1

snp0: 3; snp1: 5; snp2: 6
genotype: 0 0 0 : 1
genotype: 0 1 0 : 1

snp0: 1; snp1: 5; snp2: 7
genotype: 0 2 2 : 2
genotype: 1 0 0 : 1

snp0: 1; snp1: 5; snp2: 8
genotype: 2 2 1 : 1

snp0: 3; snp1: 5; snp2: 7
genotype: 0 0 2 : 1
genotype: 0 1 1 : 1
genotype: 2 2 0 : 1

snp0: 3; snp1: 5; snp2: 8
genotype: 0 2 0 : 1
genotype: 0 2 2 : 1
genotype: 1 0 2 : 1

snp0: 1; snp1: 7; snp2: 8
genotype: 0 2 0 : 2
genotype: 0 0 2 : 1
genotype: 0 1 0 : 1
genotype: 2 2 2 : 1

snp0: 3; snp1: 7; snp2: 8
genotype: 0 1 0 : 1
genotype: 0 2 2 : 1
genotype: 1 0 2 : 1

snp0: 2; snp1: 4; snp2: 5
genotype: 0 2 0 : 1
genotype: 0 2 2 : 1
genotype: 1 0 2 : 1

snp0: 2; snp1: 4; snp2: 6
genotype: 2 0 2 : 1

snp0: 4; snp1: 6; snp2: 7
genotype: 0 0 1 : 1
genotype: 0 0 2 : 1
genotype: 1 1 0 : 1

genotype: 0 2 0 : 1
genotype: 0 2 1 : 1
genotype: 1 0 0 : 1

snp0: 2; snp1: 4; snp2: 7
genotype: 0 2 0 : 1
snp0: 4; snp1: 6; snp2: 8
genotype: 0 0 0 : 1
genotype: 0 0 2 : 1
genotype: 1 1 2 : 1

genotype: 0 2 1 : 1
genotype: 1 0 1 : 1

snp0: 2; snp1: 4; snp2: 8
genotype: 0 2 0 : 2
genotype: 1 0 0 : 1
snp0: 5; snp1: 6; snp2: 7
genotype: 0 0 2 : 1
genotype: 1 0 1 : 1
genotype: 2 1 0 : 1

snp0: 5; snp1: 6; snp2: 8
genotype: 0 0 2 : 1

snp0: 2; snp1: 6; snp2: 7
genotype: 0 2 2 : 2
genotype: 1 0 0 : 1

snp0: 2; snp1: 6; snp2: 8
genotype: 0 2 0 : 1
genotype: 1 0 0 : 1
genotype: 2 1 2 : 1

snp0: 6; snp1: 7; snp2: 8
genotype: 0 1 0 : 1
genotype: 0 2 2 : 1
genotype: 1 0 2 : 1


This is the case contingency table: 
snp0: 0; snp1: 2; snp2: 3
genotype: 0 0 2 : 2
genotype: 1 0 0 : 1

snp0: 0; snp1: 2; snp2: 4
genotype: 0 0 0 : 1
genotype: 0 0 2 : 1
genotype: 1 0 2 : 1
genotype: 0 2 2 : 1
genotype: 1 0 2 : 1

snp0: 3; snp1: 4; snp2: 5
genotype: 0 2 0 : 2
genotype: 1 0 2 : 1

snp0: 0; snp1: 2; snp2: 5
genotype: 0 0 0 : 2
genotype: 1 0 2 : 1

snp0: 0; snp1: 2; snp2: 6
genotype: 0 0 0 : 1
genotype: 0 0 2 : 1

snp0: 3; snp1: 4; snp2: 6
genotype: 0 2 0 : 1
genotype: 0 2 2 : 1
genotype: 1 0 2 : 1

genotype: 1 0 2 : 1

snp0: 0; snp1: 2; snp2: 7
genotype: 0 0 0 : 1
genotype: 0 0 1 : 1
genotype: 1 0 0 : 1

snp0: 0; snp1: 2; snp2: 8
snp0: 3; snp1: 4; snp2: 7
genotype: 0 2 0 : 1
genotype: 0 2 1 : 1
genotype: 1 0 0 : 1

snp0: 3; snp1: 4; snp2: 8
genotype: 0 0 0 : 1
genotype: 0 0 1 : 1
genotype: 1 0 1 : 1

snp0: 0; snp1: 4; snp2: 5
genotype: 0 0 2 : 2
genotype: 0 2 0 : 1
genotype: 0 2 1 : 1
genotype: 1 0 1 : 1

snp0: 3; snp1: 6; snp2: 7
genotype: 0 2 0 : 2
genotype: 1 0 0 : 1

genotype: 1 0 0 : 1

snp0: 0; snp1: 4; snp2: 6
genotype: 0 0 0 : 1
genotype: 0 0 2 : 1
genotype: 1 0 2 : 1
snp0: 3; snp1: 6; snp2: 8
genotype: 0 2 2 : 2
genotype: 1 0 0 : 1

snp0: 4; snp1: 5; snp2: 6
genotype: 0 2 0 : 1

snp0: 0; snp1: 4; snp2: 7
genotype: 0 0 0 : 2
genotype: 1 0 2 : 1

snp0: 0; snp1: 4; snp2: 8
genotype: 0 2 2 : 1
genotype: 1 0 2 : 1

snp0: 4; snp1: 5; snp2: 7
genotype: 0 2 0 : 2
genotype: 1 0 2 : 1
genotype: 0 0 0 : 1
genotype: 0 0 2 : 1
genotype: 1 0 2 : 1

snp0: 0; snp1: 6; snp2: 7
genotype: 0 0 0 : 1
genotype: 0 0 1 : 1
genotype: 1 0 0 : 1

snp0: 0; snp1: 6; snp2: 8
genotype: 0 0 0 : 1
genotype: 0 0 1 : 1
genotype: 1 0 1 : 1

snp0: 1; snp1: 2; snp2: 3
genotype: 0 0 2 : 2
genotype: 1 0 0 : 1

snp0: 1; snp1: 2; snp2: 4

snp0: 4; snp1: 5; snp2: 8
genotype: 0 2 0 : 1
genotype: 0 2 2 : 1
genotype: 1 0 2 : 1

snp0: 4; snp1: 7; snp2: 8
genotype: 0 0 0 : 1
genotype: 0 0 2 : 1
genotype: 1 0 2 : 1

snp0: 1; snp1: 2; snp2: 5
genotype: 0 0 0 : 2
genotype: 1 0 2 : 1

genotype: 0 2 0 : 1
genotype: 0 2 1 : 1
genotype: 1 0 0 : 1

snp0: 5; snp1: 7; snp2: 8
genotype: 0 2 0 : 1
genotype: 0 2 1 : 1
snp0: 1; snp1: 2; snp2: 6
genotype: 0 0 0 : 1
genotype: 0 0 2 : 1
genotype: 1 0 2 : 1

snp0: 1; snp1: 2; snp2: 7
genotype: 1 0 1 : 1

genotype: 0 0 0 : 1
genotype: 0 0 1 : 1
genotype: 1 0 0 : 1

snp0: 1; snp1: 2; snp2: 8
genotype: 0 0 0 : 1
genotype: 0 0 1 : 1
The lowest K2 score: 3.58352; rank: 0
The most likely combination of snps: 0 1 2; rank: 0
genotype: 1 0 1 : 1

snp0: 1; snp1: 4; snp2: 5
genotype: 0 0 2 : 2
genotype: 1 0 0 : 1

The final lowest K2 score: 3.58352
The final most likely combination of snps: 0 1 2
snp0: 1; snp1: 4; snp2: 6
genotype: 0 0 0 : 1
genotype: 0 0 2 : 1
genotype: 1 0 2 : 1

snp0: 1; snp1: 4; snp2: 7
genotype: 0 0 0 : 2
genotype: 1 0 2 : 1

snp0: 1; snp1: 4; snp2: 8
genotype: 0 0 0 : 1
genotype: 0 0 2 : 1
genotype: 1 0 2 : 1

snp0: 1; snp1: 6; snp2: 7
genotype: 0 0 0 : 1
genotype: 0 0 1 : 1
genotype: 1 0 0 : 1

snp0: 1; snp1: 6; snp2: 8
genotype: 0 0 0 : 1
genotype: 0 0 1 : 1
genotype: 1 0 1 : 1

snp0: 2; snp1: 3; snp2: 4
genotype: 0 0 2 : 2
genotype: 1 0 0 : 1

snp0: 2; snp1: 3; snp2: 5
genotype: 0 0 0 : 1
genotype: 0 0 2 : 1
genotype: 1 0 2 : 1

snp0: 2; snp1: 3; snp2: 6
genotype: 0 0 0 : 2
genotype: 1 0 2 : 1

snp0: 2; snp1: 3; snp2: 7
genotype: 0 0 0 : 1
genotype: 0 0 2 : 1
genotype: 1 0 2 : 1

snp0: 2; snp1: 3; snp2: 8
genotype: 0 0 0 : 1
genotype: 0 0 1 : 1
genotype: 1 0 0 : 1

snp0: 2; snp1: 5; snp2: 6
genotype: 0 0 0 : 1
genotype: 0 0 1 : 1
genotype: 1 0 1 : 1

snp0: 2; snp1: 5; snp2: 7
genotype: 0 0 2 : 2
genotype: 1 0 0 : 1

snp0: 2; snp1: 5; snp2: 8
genotype: 0 0 0 : 1
genotype: 0 0 2 : 1
genotype: 1 0 2 : 1

snp0: 2; snp1: 7; snp2: 8
genotype: 0 0 0 : 2
genotype: 1 0 2 : 1

snp0: 3; snp1: 5; snp2: 6
genotype: 0 0 0 : 1
genotype: 0 0 2 : 1
genotype: 1 0 2 : 1

snp0: 3; snp1: 5; snp2: 7
genotype: 0 0 0 : 1
genotype: 0 0 1 : 1
genotype: 1 0 0 : 1

snp0: 3; snp1: 5; snp2: 8
genotype: 0 0 0 : 1
genotype: 0 0 1 : 1
genotype: 1 0 1 : 1

snp0: 3; snp1: 7; snp2: 8
genotype: 0 0 0 : 1
genotype: 0 2 0 : 1
genotype: 1 2 2 : 1

snp0: 4; snp1: 6; snp2: 7
genotype: 0 0 0 : 1
genotype: 0 2 2 : 1
genotype: 1 2 2 : 1

snp0: 4; snp1: 6; snp2: 8
genotype: 0 0 0 : 1
genotype: 0 2 1 : 1
genotype: 1 2 0 : 1

snp0: 5; snp1: 6; snp2: 7
genotype: 0 0 1 : 1
genotype: 0 2 0 : 1
genotype: 1 2 1 : 1

snp0: 5; snp1: 6; snp2: 8
genotype: 0 0 0 : 1
genotype: 0 2 0 : 1
genotype: 1 2 2 : 1

snp0: 6; snp1: 7; snp2: 8
genotype: 0 0 0 : 1
genotype: 0 2 2 : 1
genotype: 1 2 2 : 1

The lowest K2 score: 3.58352; rank: 1
The most likely combination of snps: 0 2 3; rank: 1
